pom152 kmeans_1000_1/cluster.0/ average centroid distance 10.8833184433
pom152 kmeans_1000_1/cluster.0/ centroid index 207
pom152 kmeans_1000_1/cluster.0/ centroid rmf name ('kmeans_1000_1/cluster.0/469.rmf3', 0)
pom152 kmeans_1000_1/cluster.0/ kmeans_1000_1/cluster.0/ average pairwise distance 12.5210041244
pom152_NTD kmeans_1000_1/cluster.0/ average centroid distance 13.9860318805
pom152_NTD kmeans_1000_1/cluster.0/ centroid index 145
pom152_NTD kmeans_1000_1/cluster.0/ centroid rmf name ('kmeans_1000_1/cluster.0/131.rmf3', 0)
pom152_NTD kmeans_1000_1/cluster.0/ kmeans_1000_1/cluster.0/ average pairwise distance 17.2176016324
All kmeans_1000_1/cluster.0/ average centroid distance 10.8833184433
All kmeans_1000_1/cluster.0/ centroid index 207
All kmeans_1000_1/cluster.0/ centroid rmf name ('kmeans_1000_1/cluster.0/469.rmf3', 0)
All kmeans_1000_1/cluster.0/ kmeans_1000_1/cluster.0/ average pairwise distance 12.5210041244
pom152_5 kmeans_1000_1/cluster.0/ average centroid distance 4.1941061747
pom152_5 kmeans_1000_1/cluster.0/ centroid index 41
pom152_5 kmeans_1000_1/cluster.0/ centroid rmf name ('kmeans_1000_1/cluster.0/311.rmf3', 0)
pom152_5 kmeans_1000_1/cluster.0/ kmeans_1000_1/cluster.0/ average pairwise distance 5.63448557791
pom152_4 kmeans_1000_1/cluster.0/ average centroid distance 7.73243732244
pom152_4 kmeans_1000_1/cluster.0/ centroid index 111
pom152_4 kmeans_1000_1/cluster.0/ centroid rmf name ('kmeans_1000_1/cluster.0/386.rmf3', 0)
pom152_4 kmeans_1000_1/cluster.0/ kmeans_1000_1/cluster.0/ average pairwise distance 10.2640847392
pom152_7 kmeans_1000_1/cluster.0/ average centroid distance 14.6419033793
pom152_7 kmeans_1000_1/cluster.0/ centroid index 208
pom152_7 kmeans_1000_1/cluster.0/ centroid rmf name ('kmeans_1000_1/cluster.0/280.rmf3', 0)
pom152_7 kmeans_1000_1/cluster.0/ kmeans_1000_1/cluster.0/ average pairwise distance 17.4396306134
pom152_6 kmeans_1000_1/cluster.0/ average centroid distance 8.94389417641
pom152_6 kmeans_1000_1/cluster.0/ centroid index 207
pom152_6 kmeans_1000_1/cluster.0/ centroid rmf name ('kmeans_1000_1/cluster.0/469.rmf3', 0)
pom152_6 kmeans_1000_1/cluster.0/ kmeans_1000_1/cluster.0/ average pairwise distance 11.2668775754
pom152_1 kmeans_1000_1/cluster.0/ average centroid distance 5.93359117069
pom152_1 kmeans_1000_1/cluster.0/ centroid index 248
pom152_1 kmeans_1000_1/cluster.0/ centroid rmf name ('kmeans_1000_1/cluster.0/285.rmf3', 0)
pom152_1 kmeans_1000_1/cluster.0/ kmeans_1000_1/cluster.0/ average pairwise distance 8.22243508808
pom152_3 kmeans_1000_1/cluster.0/ average centroid distance 6.11612148538
pom152_3 kmeans_1000_1/cluster.0/ centroid index 57
pom152_3 kmeans_1000_1/cluster.0/ centroid rmf name ('kmeans_1000_1/cluster.0/249.rmf3', 0)
pom152_3 kmeans_1000_1/cluster.0/ kmeans_1000_1/cluster.0/ average pairwise distance 8.38454648186
pom152_2 kmeans_1000_1/cluster.0/ average centroid distance 11.539745293
pom152_2 kmeans_1000_1/cluster.0/ centroid index 65
pom152_2 kmeans_1000_1/cluster.0/ centroid rmf name ('kmeans_1000_1/cluster.0/37.rmf3', 0)
pom152_2 kmeans_1000_1/cluster.0/ kmeans_1000_1/cluster.0/ average pairwise distance 15.3699264366
pom152_9 kmeans_1000_1/cluster.0/ average centroid distance 10.1838142229
pom152_9 kmeans_1000_1/cluster.0/ centroid index 239
pom152_9 kmeans_1000_1/cluster.0/ centroid rmf name ('kmeans_1000_1/cluster.0/251.rmf3', 0)
pom152_9 kmeans_1000_1/cluster.0/ kmeans_1000_1/cluster.0/ average pairwise distance 13.0871648659
pom152_8 kmeans_1000_1/cluster.0/ average centroid distance 6.04412186462
pom152_8 kmeans_1000_1/cluster.0/ centroid index 136
pom152_8 kmeans_1000_1/cluster.0/ centroid rmf name ('kmeans_1000_1/cluster.0/234.rmf3', 0)
pom152_8 kmeans_1000_1/cluster.0/ kmeans_1000_1/cluster.0/ average pairwise distance 8.21348719306
